<?xml version="1.0" encoding="UTF-8"?>
<!-- Generated by org.testng.reporters.JUnitXMLReporter -->
<testsuite ignored="0" hostname="MacBook-Pro.local" failures="1" tests="5" name="Login Page Test" time="25.421" errors="0" timestamp="2025-10-03T23:36:08 IST">
  <testcase classname="com.qa.opencart.tests.LoginPageTest" name="forgotPswLinkExist" time="0.914"/>
  <testcase classname="com.qa.opencart.tests.LoginPageTest" name="forgotpsw" time="0.002"/>
  <testcase classname="com.qa.opencart.tests.LoginPageTest" name="loginPageTitleTest" time="10.295">
    <failure type="java.lang.AssertionError" message="expected [Account Login11] but found [null]">
      <![CDATA[java.lang.AssertionError: expected [Account Login11] but found [null]
at com.qa.opencart.tests.LoginPageTest.loginPageTitleTest(LoginPageTest.java:15)
at java.base/java.util.ArrayList.forEach(ArrayList.java:1541)
at java.base/java.util.concurrent.FutureTask.run(FutureTask.java:264)
at java.base/java.util.concurrent.ThreadPoolExecutor.runWorker(ThreadPoolExecutor.java:1128)
at java.base/java.util.concurrent.ThreadPoolExecutor$Worker.run(ThreadPoolExecutor.java:628)
at java.base/java.lang.Thread.run(Thread.java:834)
... Removed 23 stack frames]]>
    </failure>
  </testcase> <!-- loginPageTitleTest -->
  <testcase classname="com.qa.opencart.tests.LoginPageTest" name="loginPageURLTest" time="0.01"/>
  <testcase classname="com.qa.opencart.tests.LoginPageTest" name="dologinTest" time="3.205"/>
</testsuite> <!-- Login Page Test -->
